<?xml version="1.0" encoding="UTF-8"?>
<coverage generated="1739851065689" clover="3.2.0">
  <project timestamp="1739851065689" name="All files">
    <metrics statements="124" coveredstatements="122" conditionals="23" coveredconditionals="21" methods="22" coveredmethods="22" elements="169" coveredelements="165" complexity="0" loc="124" ncloc="124" packages="5" files="9" classes="9"/>
    <package name="Login">
      <metrics statements="46" coveredstatements="46" conditionals="17" coveredconditionals="17" methods="11" coveredmethods="11"/>
      <file name="LoginForm.tsx" path="C:\Users\Charlie Billadeau\Desktop\fetch-dog-adoption\src\Login\LoginForm.tsx">
        <metrics statements="46" coveredstatements="46" conditionals="17" coveredconditionals="17" methods="11" coveredmethods="11"/>
        <line num="1" count="1" type="stmt"/>
        <line num="4" count="1" type="stmt"/>
        <line num="5" count="1" type="stmt"/>
        <line num="6" count="1" type="stmt"/>
        <line num="7" count="1" type="stmt"/>
        <line num="12" count="1" type="stmt"/>
        <line num="14" count="1" type="stmt"/>
        <line num="15" count="102" type="stmt"/>
        <line num="16" count="102" type="stmt"/>
        <line num="17" count="102" type="stmt"/>
        <line num="18" count="102" type="stmt"/>
        <line num="20" count="102" type="stmt"/>
        <line num="22" count="102" type="stmt"/>
        <line num="23" count="8" type="stmt"/>
        <line num="25" count="8" type="stmt"/>
        <line num="27" count="8" type="cond" truecount="3" falsecount="0"/>
        <line num="28" count="1" type="stmt"/>
        <line num="31" count="8" type="cond" truecount="3" falsecount="0"/>
        <line num="32" count="1" type="stmt"/>
        <line num="35" count="8" type="stmt"/>
        <line num="38" count="102" type="stmt"/>
        <line num="39" count="4" type="stmt"/>
        <line num="41" count="4" type="cond" truecount="1" falsecount="0"/>
        <line num="42" count="1" type="stmt"/>
        <line num="45" count="4" type="cond" truecount="1" falsecount="0"/>
        <line num="46" count="1" type="stmt"/>
        <line num="48" count="4" type="stmt"/>
        <line num="49" count="4" type="stmt"/>
        <line num="52" count="102" type="stmt"/>
        <line num="53" count="4" type="stmt"/>
        <line num="55" count="4" type="stmt"/>
        <line num="56" count="4" type="cond" truecount="1" falsecount="0"/>
        <line num="57" count="2" type="stmt"/>
        <line num="60" count="2" type="stmt"/>
        <line num="62" count="2" type="stmt"/>
        <line num="63" count="2" type="stmt"/>
        <line num="65" count="1" type="stmt"/>
        <line num="67" count="2" type="stmt"/>
        <line num="71" count="102" type="stmt"/>
        <line num="90" count="4" type="stmt"/>
        <line num="92" count="20" type="stmt"/>
        <line num="93" count="20" type="stmt"/>
        <line num="114" count="4" type="stmt"/>
        <line num="116" count="60" type="stmt"/>
        <line num="117" count="60" type="stmt"/>
        <line num="140" count="1" type="stmt"/>
      </file>
    </package>
    <package name="api">
      <metrics statements="12" coveredstatements="11" conditionals="1" coveredconditionals="1" methods="1" coveredmethods="1"/>
      <file name="auth.ts" path="C:\Users\Charlie Billadeau\Desktop\fetch-dog-adoption\src\api\auth.ts">
        <metrics statements="8" coveredstatements="7" conditionals="1" coveredconditionals="1" methods="1" coveredmethods="1"/>
        <line num="2" count="1" type="stmt"/>
        <line num="4" count="1" type="stmt"/>
        <line num="8" count="2" type="stmt"/>
        <line num="9" count="2" type="stmt"/>
        <line num="14" count="1" type="stmt"/>
        <line num="16" count="1" type="cond" truecount="1" falsecount="0"/>
        <line num="17" count="1" type="stmt"/>
        <line num="21" count="0" type="stmt"/>
      </file>
      <file name="config.ts" path="C:\Users\Charlie Billadeau\Desktop\fetch-dog-adoption\src\api\config.ts">
        <metrics statements="4" coveredstatements="4" conditionals="0" coveredconditionals="0" methods="0" coveredmethods="0"/>
        <line num="1" count="1" type="stmt"/>
        <line num="3" count="1" type="stmt"/>
        <line num="5" count="1" type="stmt"/>
        <line num="13" count="1" type="stmt"/>
      </file>
    </package>
    <package name="components.ui">
      <metrics statements="39" coveredstatements="39" conditionals="3" coveredconditionals="2" methods="6" coveredmethods="6"/>
      <file name="alert.tsx" path="C:\Users\Charlie Billadeau\Desktop\fetch-dog-adoption\src\components\ui\alert.tsx">
        <metrics statements="14" coveredstatements="14" conditionals="0" coveredconditionals="0" methods="3" coveredmethods="3"/>
        <line num="1" count="1" type="stmt"/>
        <line num="2" count="1" type="stmt"/>
        <line num="4" count="1" type="stmt"/>
        <line num="6" count="1" type="stmt"/>
        <line num="22" count="1" type="stmt"/>
        <line num="26" count="1" type="stmt"/>
        <line num="33" count="1" type="stmt"/>
        <line num="35" count="1" type="stmt"/>
        <line num="39" count="1" type="stmt"/>
        <line num="45" count="1" type="stmt"/>
        <line num="47" count="1" type="stmt"/>
        <line num="51" count="1" type="stmt"/>
        <line num="57" count="1" type="stmt"/>
        <line num="59" count="1" type="stmt"/>
      </file>
      <file name="button.tsx" path="C:\Users\Charlie Billadeau\Desktop\fetch-dog-adoption\src\components\ui\button.tsx">
        <metrics statements="10" coveredstatements="10" conditionals="3" coveredconditionals="2" methods="1" coveredmethods="1"/>
        <line num="1" count="1" type="stmt"/>
        <line num="2" count="1" type="stmt"/>
        <line num="3" count="1" type="stmt"/>
        <line num="5" count="1" type="stmt"/>
        <line num="7" count="1" type="stmt"/>
        <line num="43" count="1" type="stmt"/>
        <line num="45" count="102" type="cond" truecount="1" falsecount="1"/>
        <line num="46" count="102" type="stmt"/>
        <line num="55" count="1" type="stmt"/>
        <line num="57" count="1" type="stmt"/>
      </file>
      <file name="input.tsx" path="C:\Users\Charlie Billadeau\Desktop\fetch-dog-adoption\src\components\ui\input.tsx">
        <metrics statements="6" coveredstatements="6" conditionals="0" coveredconditionals="0" methods="1" coveredmethods="1"/>
        <line num="1" count="1" type="stmt"/>
        <line num="3" count="1" type="stmt"/>
        <line num="5" count="1" type="stmt"/>
        <line num="7" count="204" type="stmt"/>
        <line num="20" count="1" type="stmt"/>
        <line num="22" count="1" type="stmt"/>
      </file>
      <file name="label.tsx" path="C:\Users\Charlie Billadeau\Desktop\fetch-dog-adoption\src\components\ui\label.tsx">
        <metrics statements="9" coveredstatements="9" conditionals="0" coveredconditionals="0" methods="1" coveredmethods="1"/>
        <line num="1" count="1" type="stmt"/>
        <line num="2" count="1" type="stmt"/>
        <line num="3" count="1" type="stmt"/>
        <line num="5" count="1" type="stmt"/>
        <line num="7" count="1" type="stmt"/>
        <line num="11" count="1" type="stmt"/>
        <line num="16" count="204" type="stmt"/>
        <line num="22" count="1" type="stmt"/>
        <line num="24" count="1" type="stmt"/>
      </file>
    </package>
    <package name="context">
      <metrics statements="23" coveredstatements="22" conditionals="2" coveredconditionals="1" methods="3" coveredmethods="3"/>
      <file name="AuthContext.tsx" path="C:\Users\Charlie Billadeau\Desktop\fetch-dog-adoption\src\context\AuthContext.tsx">
        <metrics statements="23" coveredstatements="22" conditionals="2" coveredconditionals="1" methods="3" coveredmethods="3"/>
        <line num="1" count="1" type="stmt"/>
        <line num="2" count="1" type="stmt"/>
        <line num="4" count="1" type="stmt"/>
        <line num="13" count="1" type="stmt"/>
        <line num="15" count="1" type="stmt"/>
        <line num="16" count="12" type="stmt"/>
        <line num="17" count="12" type="stmt"/>
        <line num="19" count="12" type="stmt"/>
        <line num="21" count="12" type="stmt"/>
        <line num="22" count="2" type="stmt"/>
        <line num="24" count="2" type="stmt"/>
        <line num="25" count="2" type="stmt"/>
        <line num="27" count="1" type="cond" truecount="1" falsecount="0"/>
        <line num="28" count="1" type="stmt"/>
        <line num="29" count="1" type="stmt"/>
        <line num="32" count="1" type="stmt"/>
        <line num="35" count="1" type="stmt"/>
        <line num="39" count="12" type="stmt"/>
        <line num="46" count="1" type="stmt"/>
        <line num="47" count="102" type="stmt"/>
        <line num="48" count="102" type="cond" truecount="0" falsecount="1"/>
        <line num="49" count="0" type="stmt"/>
        <line num="51" count="102" type="stmt"/>
      </file>
    </package>
    <package name="lib">
      <metrics statements="4" coveredstatements="4" conditionals="0" coveredconditionals="0" methods="1" coveredmethods="1"/>
      <file name="utils.ts" path="C:\Users\Charlie Billadeau\Desktop\fetch-dog-adoption\src\lib\utils.ts">
        <metrics statements="4" coveredstatements="4" conditionals="0" coveredconditionals="0" methods="1" coveredmethods="1"/>
        <line num="1" count="1" type="stmt"/>
        <line num="2" count="1" type="stmt"/>
        <line num="4" count="1" type="stmt"/>
        <line num="5" count="513" type="stmt"/>
      </file>
    </package>
  </project>
</coverage>
