TN:
SF:src\Login\LoginForm.tsx
FN:14,(anonymous_0)
FN:22,(anonymous_1)
FN:35,(anonymous_2)
FN:38,(anonymous_3)
FN:52,(anonymous_4)
FN:90,(anonymous_5)
FN:91,(anonymous_6)
FN:92,(anonymous_7)
FN:114,(anonymous_8)
FN:115,(anonymous_9)
FN:116,(anonymous_10)
FNF:11
FNH:11
FNDA:102,(anonymous_0)
FNDA:8,(anonymous_1)
FNDA:8,(anonymous_2)
FNDA:4,(anonymous_3)
FNDA:4,(anonymous_4)
FNDA:4,(anonymous_5)
FNDA:20,(anonymous_6)
FNDA:20,(anonymous_7)
FNDA:4,(anonymous_8)
FNDA:60,(anonymous_9)
FNDA:60,(anonymous_10)
DA:1,1
DA:4,1
DA:5,1
DA:6,1
DA:7,1
DA:12,1
DA:14,1
DA:15,102
DA:16,102
DA:17,102
DA:18,102
DA:20,102
DA:22,102
DA:23,8
DA:25,8
DA:27,8
DA:28,1
DA:31,8
DA:32,1
DA:35,8
DA:38,102
DA:39,4
DA:41,4
DA:42,1
DA:45,4
DA:46,1
DA:48,4
DA:49,4
DA:52,102
DA:53,4
DA:55,4
DA:56,4
DA:57,2
DA:60,2
DA:62,2
DA:63,2
DA:65,1
DA:67,2
DA:71,102
DA:90,4
DA:92,20
DA:93,20
DA:114,4
DA:116,60
DA:117,60
DA:140,1
LF:46
LH:46
BRDA:27,0,0,1
BRDA:27,1,0,8
BRDA:27,1,1,4
BRDA:31,2,0,1
BRDA:31,3,0,8
BRDA:31,3,1,4
BRDA:41,4,0,1
BRDA:45,5,0,1
BRDA:56,6,0,2
BRDA:73,7,0,102
BRDA:73,7,1,1
BRDA:97,8,0,102
BRDA:97,8,1,3
BRDA:109,9,0,102
BRDA:109,9,1,2
BRDA:121,10,0,102
BRDA:121,10,1,2
BRF:17
BRH:17
end_of_record
TN:
SF:src\api\auth.ts
FN:4,(anonymous_1)
FNF:1
FNH:1
FNDA:2,(anonymous_1)
DA:2,1
DA:4,1
DA:8,2
DA:9,2
DA:14,1
DA:16,1
DA:17,1
DA:21,0
LF:8
LH:7
BRDA:16,0,0,1
BRF:1
BRH:1
end_of_record
TN:
SF:src\api\config.ts
FNF:0
FNH:0
DA:1,1
DA:3,1
DA:5,1
DA:13,1
LF:4
LH:4
BRF:0
BRH:0
end_of_record
TN:
SF:src\components\ui\alert.tsx
FN:25,(anonymous_6)
FN:38,(anonymous_7)
FN:50,(anonymous_8)
FNF:3
FNH:3
FNDA:1,(anonymous_6)
FNDA:1,(anonymous_7)
FNDA:1,(anonymous_8)
DA:1,1
DA:2,1
DA:4,1
DA:6,1
DA:22,1
DA:26,1
DA:33,1
DA:35,1
DA:39,1
DA:45,1
DA:47,1
DA:51,1
DA:57,1
DA:59,1
LF:14
LH:14
BRF:0
BRH:0
end_of_record
TN:
SF:src\components\ui\button.tsx
FN:44,(anonymous_6)
FNF:1
FNH:1
FNDA:102,(anonymous_6)
DA:1,1
DA:2,1
DA:3,1
DA:5,1
DA:7,1
DA:43,1
DA:45,102
DA:46,102
DA:55,1
DA:57,1
LF:10
LH:10
BRDA:44,0,0,102
BRDA:45,1,0,0
BRDA:45,1,1,102
BRF:3
BRH:2
end_of_record
TN:
SF:src\components\ui\input.tsx
FN:6,(anonymous_6)
FNF:1
FNH:1
FNDA:204,(anonymous_6)
DA:1,1
DA:3,1
DA:5,1
DA:7,204
DA:20,1
DA:22,1
LF:6
LH:6
BRF:0
BRH:0
end_of_record
TN:
SF:src\components\ui\label.tsx
FN:15,(anonymous_6)
FNF:1
FNH:1
FNDA:204,(anonymous_6)
DA:1,1
DA:2,1
DA:3,1
DA:5,1
DA:7,1
DA:11,1
DA:16,204
DA:22,1
DA:24,1
LF:9
LH:9
BRF:0
BRH:0
end_of_record
TN:
SF:src\context\AuthContext.tsx
FN:15,(anonymous_0)
FN:21,(anonymous_1)
FN:46,(anonymous_2)
FNF:3
FNH:3
FNDA:12,(anonymous_0)
FNDA:2,(anonymous_1)
FNDA:102,(anonymous_2)
DA:1,1
DA:2,1
DA:4,1
DA:13,1
DA:15,1
DA:16,12
DA:17,12
DA:19,12
DA:21,12
DA:22,2
DA:24,2
DA:25,2
DA:27,1
DA:28,1
DA:29,1
DA:32,1
DA:35,1
DA:39,12
DA:46,1
DA:47,102
DA:48,102
DA:49,0
DA:51,102
LF:23
LH:22
BRDA:27,0,0,1
BRDA:48,1,0,0
BRF:2
BRH:1
end_of_record
TN:
SF:src\lib\utils.ts
FN:4,cn
FNF:1
FNH:1
FNDA:513,cn
DA:1,1
DA:2,1
DA:4,1
DA:5,513
LF:4
LH:4
BRF:0
BRH:0
end_of_record
